# JRE version: Java(TM) SE Runtime Environment (21.0.2+13) (build 21.0.2+13-LTS-58)
# Java VM: Java HotSpot(TM) 64-Bit Server VM (21.0.2+13-LTS-58, mixed mode, sharing, tiered, compressed oops, compressed class ptrs, g1 gc, windows-amd64)
GC Precious Log:
 CardTable entry size: 512
 Card Set container configuration: InlinePtr #cards 5 size 8 Array Of Cards #cards 12 size 40 Howl #buckets 4 coarsen threshold 1843 Howl Bitmap #cards 512 size 80 coarsen threshold 460 Card regions per heap region 1 cards per card region 2048
 CPUs: 4 total, 4 available
 Memory: 3531M
 Large Page Support: Disabled
 NUMA Support: Disabled
 Compressed Oops: Enabled (32-bit)
 Heap Region Size: 1M
 Heap Min Capacity: 8M
 Heap Initial Capacity: 56M
 Heap Max Capacity: 884M
 Pre-touch: Disabled
 Parallel Workers: 4
 Concurrent Workers: 1
 Concurrent Refinement Workers: 4
 Periodic GC: Disabled
Heap:
 garbage-first heap   total 78848K, used 60845K [0x00000000c8c00000, 0x0000000100000000)
  region size 1024K, 23 young (23552K), 4 survivors (4096K)
 Metaspace       used 64592K, committed 65408K, reserved 1114112K
  class space    used 8525K, committed 8896K, reserved 1048576K
GC Heap History (20 events):
Event: 42.877 GC heap before
{Heap before GC invocations=12 (full 0):
 garbage-first heap   total 57344K, used 49445K [0x00000000c8c00000, 0x0000000100000000)
  region size 1024K, 27 young (27648K), 4 survivors (4096K)
 Metaspace       used 34212K, committed 34688K, reserved 1114112K
  class space    used 4187K, committed 4416K, reserved 1048576K
}
Event: 42.893 GC heap after
{Heap after GC invocations=13 (full 0):
 garbage-first heap   total 57344K, used 25630K [0x00000000c8c00000, 0x0000000100000000)
  region size 1024K, 3 young (3072K), 3 survivors (3072K)
 Metaspace       used 34212K, committed 34688K, reserved 1114112K
  class space    used 4187K, committed 4416K, reserved 1048576K
}
Event: 44.439 GC heap before
{Heap before GC invocations=13 (full 0):
 garbage-first heap   total 57344K, used 47134K [0x00000000c8c00000, 0x0000000100000000)
  region size 1024K, 25 young (25600K), 3 survivors (3072K)
 Metaspace       used 35584K, committed 36096K, reserved 1114112K
  class space    used 4361K, committed 4608K, reserved 1048576K
}
Event: 44.456 GC heap after
{Heap after GC invocations=14 (full 0):
 garbage-first heap   total 57344K, used 26500K [0x00000000c8c00000, 0x0000000100000000)
  region size 1024K, 2 young (2048K), 2 survivors (2048K)
 Metaspace       used 35584K, committed 36096K, reserved 1114112K
  class space    used 4361K, committed 4608K, reserved 1048576K
}
Event: 47.360 GC heap before
{Heap before GC invocations=15 (full 0):
 garbage-first heap   total 57344K, used 51076K [0x00000000c8c00000, 0x0000000100000000)
  region size 1024K, 26 young (26624K), 2 survivors (2048K)
 Metaspace       used 37049K, committed 37696K, reserved 1114112K
  class space    used 4572K, committed 4864K, reserved 1048576K
}
Event: 47.378 GC heap after
{Heap after GC invocations=16 (full 0):
 garbage-first heap   total 57344K, used 27081K [0x00000000c8c00000, 0x0000000100000000)
  region size 1024K, 3 young (3072K), 3 survivors (3072K)
 Metaspace       used 37049K, committed 37696K, reserved 1114112K
  class space    used 4572K, committed 4864K, reserved 1048576K
}
Event: 49.797 GC heap before
{Heap before GC invocations=16 (full 0):
 garbage-first heap   total 57344K, used 49609K [0x00000000c8c00000, 0x0000000100000000)
  region size 1024K, 25 young (25600K), 3 survivors (3072K)
 Metaspace       used 40633K, committed 41280K, reserved 1114112K
  class space    used 5113K, committed 5440K, reserved 1048576K
}
Event: 49.826 GC heap after
{Heap after GC invocations=17 (full 0):
 garbage-first heap   total 57344K, used 27429K [0x00000000c8c00000, 0x0000000100000000)
  region size 1024K, 3 young (3072K), 3 survivors (3072K)
 Metaspace       used 40633K, committed 41280K, reserved 1114112K
  class space    used 5113K, committed 5440K, reserved 1048576K
}
Event: 52.157 GC heap before
{Heap before GC invocations=17 (full 0):
 garbage-first heap   total 57344K, used 48933K [0x00000000c8c00000, 0x0000000100000000)
  region size 1024K, 24 young (24576K), 3 survivors (3072K)
 Metaspace       used 42663K, committed 43328K, reserved 1114112K
  class space    used 5399K, committed 5696K, reserved 1048576K
}
Event: 52.173 GC heap after
{Heap after GC invocations=18 (full 0):
 garbage-first heap   total 57344K, used 28370K [0x00000000c8c00000, 0x0000000100000000)
  region size 1024K, 2 young (2048K), 2 survivors (2048K)
 Metaspace       used 42663K, committed 43328K, reserved 1114112K
  class space    used 5399K, committed 5696K, reserved 1048576K
}
Event: 54.014 GC heap before
{Heap before GC invocations=18 (full 0):
 garbage-first heap   total 57344K, used 49874K [0x00000000c8c00000, 0x0000000100000000)
  region size 1024K, 24 young (24576K), 2 survivors (2048K)
 Metaspace       used 43475K, committed 44096K, reserved 1114112K
  class space    used 5487K, committed 5760K, reserved 1048576K
}
Event: 54.040 GC heap after
{Heap after GC invocations=19 (full 0):
 garbage-first heap   total 57344K, used 31418K [0x00000000c8c00000, 0x0000000100000000)
  region size 1024K, 3 young (3072K), 3 survivors (3072K)
 Metaspace       used 43475K, committed 44096K, reserved 1114112K
  class space    used 5487K, committed 5760K, reserved 1048576K
}
Event: 56.840 GC heap before
{Heap before GC invocations=20 (full 0):
 garbage-first heap   total 65536K, used 49850K [0x00000000c8c00000, 0x0000000100000000)
  region size 1024K, 21 young (21504K), 3 survivors (3072K)
 Metaspace       used 45815K, committed 46528K, reserved 1114112K
  class space    used 5841K, committed 6144K, reserved 1048576K
}
Event: 56.856 GC heap after
{Heap after GC invocations=21 (full 0):
 garbage-first heap   total 65536K, used 34666K [0x00000000c8c00000, 0x0000000100000000)
  region size 1024K, 3 young (3072K), 3 survivors (3072K)
 Metaspace       used 45815K, committed 46528K, reserved 1114112K
  class space    used 5841K, committed 6144K, reserved 1048576K
}
Event: 60.441 GC heap before
{Heap before GC invocations=21 (full 0):
 garbage-first heap   total 65536K, used 57194K [0x00000000c8c00000, 0x0000000100000000)
  region size 1024K, 25 young (25600K), 3 survivors (3072K)
 Metaspace       used 49330K, committed 50048K, reserved 1114112K
  class space    used 6423K, committed 6720K, reserved 1048576K
}
Event: 60.459 GC heap after
{Heap after GC invocations=22 (full 0):
 garbage-first heap   total 78848K, used 36334K [0x00000000c8c00000, 0x0000000100000000)
  region size 1024K, 2 young (2048K), 2 survivors (2048K)
 Metaspace       used 49330K, committed 50048K, reserved 1114112K
  class space    used 6423K, committed 6720K, reserved 1048576K
}
Event: 64.878 GC heap before
{Heap before GC invocations=22 (full 0):
 garbage-first heap   total 78848K, used 66030K [0x00000000c8c00000, 0x0000000100000000)
  region size 1024K, 32 young (32768K), 2 survivors (2048K)
 Metaspace       used 54866K, committed 55552K, reserved 1114112K
  class space    used 7158K, committed 7488K, reserved 1048576K
}
Event: 64.895 GC heap after
{Heap after GC invocations=23 (full 0):
 garbage-first heap   total 78848K, used 40190K [0x00000000c8c00000, 0x0000000100000000)
  region size 1024K, 4 young (4096K), 4 survivors (4096K)
 Metaspace       used 54866K, committed 55552K, reserved 1114112K
  class space    used 7158K, committed 7488K, reserved 1048576K
}
Event: 164.860 GC heap before
{Heap before GC invocations=23 (full 0):
 garbage-first heap   total 78848K, used 66814K [0x00000000c8c00000, 0x0000000100000000)
  region size 1024K, 31 young (31744K), 4 survivors (4096K)
 Metaspace       used 60031K, committed 60800K, reserved 1114112K
  class space    used 7837K, committed 8192K, reserved 1048576K
}
Event: 165.015 GC heap after
{Heap after GC invocations=24 (full 0):
 garbage-first heap   total 78848K, used 43437K [0x00000000c8c00000, 0x0000000100000000)
  region size 1024K, 4 young (4096K), 4 survivors (4096K)
 Metaspace       used 60031K, committed 60800K, reserved 1114112K
  class space    used 7837K, committed 8192K, reserved 1048576K
}

