# JRE version: Java(TM) SE Runtime Environment (21.0.2+13) (build 21.0.2+13-LTS-58)
# Java VM: Java HotSpot(TM) 64-Bit Server VM (21.0.2+13-LTS-58, mixed mode, sharing, tiered, compressed oops, compressed class ptrs, g1 gc, windows-amd64)
GC Precious Log:
 CardTable entry size: 512
 Card Set container configuration: InlinePtr #cards 5 size 8 Array Of Cards #cards 12 size 40 Howl #buckets 4 coarsen threshold 1843 Howl Bitmap #cards 512 size 80 coarsen threshold 460 Card regions per heap region 1 cards per card region 2048
 CPUs: 4 total, 4 available
 Memory: 3531M
 Large Page Support: Disabled
 NUMA Support: Disabled
 Compressed Oops: Enabled (32-bit)
 Heap Region Size: 1M
 Heap Min Capacity: 8M
 Heap Initial Capacity: 56M
 Heap Max Capacity: 884M
 Pre-touch: Disabled
 Parallel Workers: 4
 Concurrent Workers: 1
 Concurrent Refinement Workers: 4
 Periodic GC: Disabled
Heap:
 garbage-first heap   total 73728K, used 48640K [0x00000000c8c00000, 0x0000000100000000)
  region size 1024K, 11 young (11264K), 3 survivors (3072K)
 Metaspace       used 75791K, committed 76544K, reserved 1179648K
  class space    used 10242K, committed 10560K, reserved 1048576K
GC Heap History (20 events):
Event: 39.514 GC heap before
{Heap before GC invocations=11 (full 0):
 garbage-first heap   total 57344K, used 37759K [0x00000000c8c00000, 0x0000000100000000)
  region size 1024K, 16 young (16384K), 4 survivors (4096K)
 Metaspace       used 35415K, committed 36032K, reserved 1114112K
  class space    used 4541K, committed 4800K, reserved 1048576K
}
Event: 39.529 GC heap after
{Heap after GC invocations=12 (full 0):
 garbage-first heap   total 57344K, used 27558K [0x00000000c8c00000, 0x0000000100000000)
  region size 1024K, 1 young (1024K), 1 survivors (1024K)
 Metaspace       used 35415K, committed 36032K, reserved 1114112K
  class space    used 4541K, committed 4800K, reserved 1048576K
}
Event: 43.066 GC heap before
{Heap before GC invocations=13 (full 0):
 garbage-first heap   total 57344K, used 49062K [0x00000000c8c00000, 0x0000000100000000)
  region size 1024K, 23 young (23552K), 1 survivors (1024K)
 Metaspace       used 41339K, committed 41920K, reserved 1114112K
  class space    used 5481K, committed 5760K, reserved 1048576K
}
Event: 43.073 GC heap after
{Heap after GC invocations=14 (full 0):
 garbage-first heap   total 57344K, used 28756K [0x00000000c8c00000, 0x0000000100000000)
  region size 1024K, 3 young (3072K), 3 survivors (3072K)
 Metaspace       used 41339K, committed 41920K, reserved 1114112K
  class space    used 5481K, committed 5760K, reserved 1048576K
}
Event: 47.236 GC heap before
{Heap before GC invocations=14 (full 0):
 garbage-first heap   total 57344K, used 49236K [0x00000000c8c00000, 0x0000000100000000)
  region size 1024K, 23 young (23552K), 3 survivors (3072K)
 Metaspace       used 49592K, committed 50112K, reserved 1114112K
  class space    used 6477K, committed 6720K, reserved 1048576K
}
Event: 47.251 GC heap after
{Heap after GC invocations=15 (full 0):
 garbage-first heap   total 57344K, used 30591K [0x00000000c8c00000, 0x0000000100000000)
  region size 1024K, 3 young (3072K), 3 survivors (3072K)
 Metaspace       used 49592K, committed 50112K, reserved 1114112K
  class space    used 6477K, committed 6720K, reserved 1048576K
}
Event: 49.754 GC heap before
{Heap before GC invocations=15 (full 0):
 garbage-first heap   total 57344K, used 49023K [0x00000000c8c00000, 0x0000000100000000)
  region size 1024K, 22 young (22528K), 3 survivors (3072K)
 Metaspace       used 55997K, committed 56512K, reserved 1114112K
  class space    used 7342K, committed 7552K, reserved 1048576K
}
Event: 49.772 GC heap after
{Heap after GC invocations=16 (full 0):
 garbage-first heap   total 57344K, used 31887K [0x00000000c8c00000, 0x0000000100000000)
  region size 1024K, 1 young (1024K), 1 survivors (1024K)
 Metaspace       used 55997K, committed 56512K, reserved 1114112K
  class space    used 7342K, committed 7552K, reserved 1048576K
}
Event: 52.441 GC heap before
{Heap before GC invocations=17 (full 0):
 garbage-first heap   total 57344K, used 50319K [0x00000000c8c00000, 0x0000000100000000)
  region size 1024K, 20 young (20480K), 1 survivors (1024K)
 Metaspace       used 61037K, committed 61696K, reserved 1114112K
  class space    used 8247K, committed 8512K, reserved 1048576K
}
Event: 52.454 GC heap after
{Heap after GC invocations=18 (full 0):
 garbage-first heap   total 57344K, used 32587K [0x00000000c8c00000, 0x0000000100000000)
  region size 1024K, 2 young (2048K), 2 survivors (2048K)
 Metaspace       used 61037K, committed 61696K, reserved 1114112K
  class space    used 8247K, committed 8512K, reserved 1048576K
}
Event: 57.341 GC heap before
{Heap before GC invocations=18 (full 0):
 garbage-first heap   total 57344K, used 48971K [0x00000000c8c00000, 0x0000000100000000)
  region size 1024K, 19 young (19456K), 2 survivors (2048K)
 Metaspace       used 64538K, committed 65216K, reserved 1114112K
  class space    used 8640K, committed 8960K, reserved 1048576K
}
Event: 57.360 GC heap after
{Heap after GC invocations=19 (full 0):
 garbage-first heap   total 57344K, used 34052K [0x00000000c8c00000, 0x0000000100000000)
  region size 1024K, 3 young (3072K), 3 survivors (3072K)
 Metaspace       used 64538K, committed 65216K, reserved 1114112K
  class space    used 8640K, committed 8960K, reserved 1048576K
}
Event: 58.828 GC heap before
{Heap before GC invocations=19 (full 0):
 garbage-first heap   total 57344K, used 48388K [0x00000000c8c00000, 0x0000000100000000)
  region size 1024K, 18 young (18432K), 3 survivors (3072K)
 Metaspace       used 66202K, committed 66880K, reserved 1114112K
  class space    used 8893K, committed 9216K, reserved 1048576K
}
Event: 58.844 GC heap after
{Heap after GC invocations=20 (full 0):
 garbage-first heap   total 57344K, used 36023K [0x00000000c8c00000, 0x0000000100000000)
  region size 1024K, 3 young (3072K), 3 survivors (3072K)
 Metaspace       used 66202K, committed 66880K, reserved 1114112K
  class space    used 8893K, committed 9216K, reserved 1048576K
}
Event: 60.661 GC heap before
{Heap before GC invocations=21 (full 0):
 garbage-first heap   total 65536K, used 48311K [0x00000000c8c00000, 0x0000000100000000)
  region size 1024K, 15 young (15360K), 3 survivors (3072K)
 Metaspace       used 67817K, committed 68544K, reserved 1114112K
  class space    used 9102K, committed 9408K, reserved 1048576K
}
Event: 60.670 GC heap after
{Heap after GC invocations=22 (full 0):
 garbage-first heap   total 65536K, used 37161K [0x00000000c8c00000, 0x0000000100000000)
  region size 1024K, 2 young (2048K), 2 survivors (2048K)
 Metaspace       used 67817K, committed 68544K, reserved 1114112K
  class space    used 9102K, committed 9408K, reserved 1048576K
}
Event: 62.628 GC heap before
{Heap before GC invocations=22 (full 0):
 garbage-first heap   total 65536K, used 58665K [0x00000000c8c00000, 0x0000000100000000)
  region size 1024K, 23 young (23552K), 2 survivors (2048K)
 Metaspace       used 70009K, committed 70720K, reserved 1114112K
  class space    used 9416K, committed 9728K, reserved 1048576K
}
Event: 62.643 GC heap after
{Heap after GC invocations=23 (full 0):
 garbage-first heap   total 65536K, used 38912K [0x00000000c8c00000, 0x0000000100000000)
  region size 1024K, 3 young (3072K), 3 survivors (3072K)
 Metaspace       used 70009K, committed 70720K, reserved 1114112K
  class space    used 9416K, committed 9728K, reserved 1048576K
}
Event: 65.376 GC heap before
{Heap before GC invocations=23 (full 0):
 garbage-first heap   total 65536K, used 58368K [0x00000000c8c00000, 0x0000000100000000)
  region size 1024K, 22 young (22528K), 3 survivors (3072K)
 Metaspace       used 73777K, committed 74496K, reserved 1114112K
  class space    used 9980K, committed 10304K, reserved 1048576K
}
Event: 65.388 GC heap after
{Heap after GC invocations=24 (full 0):
 garbage-first heap   total 65536K, used 41472K [0x00000000c8c00000, 0x0000000100000000)
  region size 1024K, 3 young (3072K), 3 survivors (3072K)
 Metaspace       used 73777K, committed 74496K, reserved 1114112K
  class space    used 9980K, committed 10304K, reserved 1048576K
}

